masud@masud-Lenovo-Z40-70:~/Programming$ mkdir bash
masud@masud-Lenovo-Z40-70:~/Programming$ cd bash
masud@masud-Lenovo-Z40-70:~/Programming/bash$ man file
masud@masud-Lenovo-Z40-70:~/Programming/bash$ vi hello.sh
masud@masud-Lenovo-Z40-70:~/Programming/bash$ chmod +x hello.sh 
masud@masud-Lenovo-Z40-70:~/Programming/bash$ ./hello.sh 
Hello World
whats Your name
Masud
Your Name is :Masud
masud@masud-Lenovo-Z40-70:~/Programming/bash$ file hello.sh 
hello.sh: Bourne-Again shell script, ASCII text executable
masud@masud-Lenovo-Z40-70:~/Programming/bash$ touch 0_xvz
masud@masud-Lenovo-Z40-70:~/Programming/bash$ file 0_xvz 
0_xvz: empty
masud@masud-Lenovo-Z40-70:~/Programming/bash$ cp hello.sh 0_xvz 
masud@masud-Lenovo-Z40-70:~/Programming/bash$ file 0_xvz 
0_xvz: Bourne-Again shell script, ASCII text executable
masud@masud-Lenovo-Z40-70:~/Programming/bash$ vi 0_xvz 
masud@masud-Lenovo-Z40-70:~/Programming/bash$ file 0_xvz 
0_xvz: ASCII text
masud@masud-Lenovo-Z40-70:~/Programming/bash$ vi 0_xvz 
masud@masud-Lenovo-Z40-70:~/Programming/bash$ vi 0_xvz 
masud@masud-Lenovo-Z40-70:~/Programming/bash$ chmod +x 0_xvz 
masud@masud-Lenovo-Z40-70:~/Programming/bash$ ./0_xvz 
Hello World
whats Your name
Nafisa
Your Name is :Nafisa
masud@masud-Lenovo-Z40-70:~/Programming/bash$ 

this is tee test
